<?xml version="1.0" encoding="UTF-8"?>
<!-- Generated by org.testng.reporters.JUnitReportReporter -->
<testsuite skipped="0" hostname="HP-PC" name="com.zerobank.tc.Tc_SmokeTest" tests="2" failures="0" timestamp="22 May 2019 19:02:53 GMT" time="35.841" errors="0">
  <testcase name="t_02_check_transfer_funds" time="14.032" classname="com.zerobank.tc.Tc_SmokeTest"/>
  <testcase name="t_01_check_login" time="21.809" classname="com.zerobank.tc.Tc_SmokeTest"/>
</testsuite> <!-- com.zerobank.tc.Tc_SmokeTest -->
